#
# A fatal error has been detected by the Java Runtime Environment:
#
#  Internal Error (generateOopMap.cpp:2164), pid=20508, tid=8540
#  fatal error: Illegal class file encountered. Try running with -Xverify:all in method changesRightElements
#
# JRE version: OpenJDK Runtime Environment (16.0.2+7) (build 16.0.2+7-67)
# Java VM: OpenJDK 64-Bit Server VM (16.0.2+7-67, mixed mode, tiered, compressed oops, compressed class ptrs, g1 gc, windows-amd64)
# No core dump will be written. Minidumps are not enabled by default on client versions of Windows
#
# If you would like to submit a bug report, please visit:
#   https://bugreport.java.com/bugreport/crash.jsp
#

---------------  S U M M A R Y ------------

Command Line: -agentlib:jdwp=transport=dt_socket,address=127.0.0.1:61354,suspend=y,server=n -ea -Didea.test.cyclic.buffer.size=1048576 -javaagent:C:\Users\cedric\AppData\Local\JetBrains\IntelliJIdea2021.2\captureAgent\debugger-agent.jar --patch-module=kit.pse.hgv=C:/Users/cedric/Uni/PSE/hgv/hgv/target/test-classes --add-reads=kit.pse.hgv=ALL-UNNAMED --add-opens=kit.pse.hgv/kit.pse.hgv.view.hyperbolicModel=ALL-UNNAMED --add-modules=kit.pse.hgv -Dfile.encoding=UTF-8 --module-path=C:\Users\cedric\.m2\repository\org\apache\commons\commons-math3\3.6.1\commons-math3-3.6.1.jar;C:\Users\cedric\.m2\repository\org\openjfx\javafx-controls\16\javafx-controls-16-win.jar;C:\Users\cedric\.m2\repository\org\apache\commons\commons-collections4\4.4\commons-collections4-4.4.jar;C:\Users\cedric\.m2\repository\org\openjfx\javafx-base\16\javafx-base-16-win.jar;C:\Users\cedric\.m2\repository\org\openjfx\javafx-graphics\16\javafx-graphics-16-win.jar;C:\Users\cedric\.m2\repository\org\openjfx\javafx-fxml\16\javafx-fxml-16-win.jar;C:\Users\cedric\Uni\PSE\hgv\hgv\target\classes;C:\Users\cedric\.m2\repository\org\json\json\20210307\json-20210307.jar com.intellij.rt.junit.JUnitStarter -ideVersion5 -junit4 kit.pse.hgv.view.hyperbolicModel.CalculationTest,changesRightElements

Host: AMD Ryzen 5 3600XT 6-Core Processor            , 12 cores, 31G,  Windows 10 , 64 bit Build 19041 (10.0.19041.928)
Time: Mon Sep  6 21:25:09 2021 Mitteleuropäische Sommerzeit elapsed time: 371.190162 seconds (0d 0h 6m 11s)

---------------  T H R E A D  ---------------

Current thread (0x000001f76ac38400):  VMThread "VM Thread" [stack: 0x000000a0ef900000,0x000000a0efa00000] [id=8540]

Stack: [0x000000a0ef900000,0x000000a0efa00000]
Native frames: (J=compiled Java code, j=interpreted, Vv=VM code, C=native code)
V  [jvm.dll+0x6681ca]
V  [jvm.dll+0x7c9e69]
V  [jvm.dll+0x7cb61e]
V  [jvm.dll+0x7cbc27]
V  [jvm.dll+0x2429b3]
V  [jvm.dll+0x330cf9]
V  [jvm.dll+0x32daa4]
V  [jvm.dll+0x32cc8b]
V  [jvm.dll+0x32c037]
V  [jvm.dll+0x656cce]
V  [jvm.dll+0x6569d3]
V  [jvm.dll+0x61c1e8]
V  [jvm.dll+0x7c18f5]
V  [jvm.dll+0x520446]
V  [jvm.dll+0x7d00ab]
V  [jvm.dll+0x7d0da4]
V  [jvm.dll+0x7d12a9]
V  [jvm.dll+0x7d1564]
V  [jvm.dll+0x7d1630]
V  [jvm.dll+0x7795aa]
V  [jvm.dll+0x667066]
C  [ucrtbase.dll+0x21bb2]
C  [KERNEL32.DLL+0x17034]
C  [ntdll.dll+0x52651]

VM_Operation (0x000000a0f06ff160): get/set locals, mode: safepoint, requested by thread 0x000001f76b2c2d30


---------------  P R O C E S S  ---------------

Threads class SMR info:
_java_thread_list=0x000001f76bdd3800, length=16, elements={
0x000001f73638e7c0, 0x000001f76ac4f260, 0x000001f76ac50030, 0x000001f76ac6b310,
0x000001f76ac6dea0, 0x000001f76ac89370, 0x000001f76ac89c80, 0x000001f76ac8a8c0,
0x000001f76ac96720, 0x000001f76ac97070, 0x000001f76ad6d5b0, 0x000001f76b2c2d30,
0x000001f76b1e9da0, 0x000001f76b1ea690, 0x000001f76b502ae0, 0x000001f76b6fba90
}

Java Threads: ( => current thread )
  0x000001f73638e7c0 JavaThread "main" [_thread_blocked, id=612, stack(0x000000a0ef300000,0x000000a0ef400000)]
  0x000001f76ac4f260 JavaThread "Reference Handler" daemon [_thread_blocked, id=928, stack(0x000000a0efa00000,0x000000a0efb00000)]
  0x000001f76ac50030 JavaThread "Finalizer" daemon [_thread_blocked, id=18288, stack(0x000000a0efb00000,0x000000a0efc00000)]
  0x000001f76ac6b310 JavaThread "Signal Dispatcher" daemon [_thread_blocked, id=12372, stack(0x000000a0efc00000,0x000000a0efd00000)]
  0x000001f76ac6dea0 JavaThread "Attach Listener" daemon [_thread_blocked, id=10304, stack(0x000000a0efd00000,0x000000a0efe00000)]
  0x000001f76ac89370 JavaThread "Service Thread" daemon [_thread_blocked, id=16484, stack(0x000000a0efe00000,0x000000a0eff00000)]
  0x000001f76ac89c80 JavaThread "Monitor Deflation Thread" daemon [_thread_blocked, id=10120, stack(0x000000a0eff00000,0x000000a0f0000000)]
  0x000001f76ac8a8c0 JavaThread "C2 CompilerThread0" daemon [_thread_blocked, id=22236, stack(0x000000a0f0000000,0x000000a0f0100000)]
  0x000001f76ac96720 JavaThread "C1 CompilerThread0" daemon [_thread_blocked, id=15564, stack(0x000000a0f0100000,0x000000a0f0200000)]
  0x000001f76ac97070 JavaThread "Sweeper thread" daemon [_thread_blocked, id=14656, stack(0x000000a0f0200000,0x000000a0f0300000)]
  0x000001f76ad6d5b0 JavaThread "Common-Cleaner" daemon [_thread_blocked, id=4552, stack(0x000000a0f0300000,0x000000a0f0400000)]
  0x000001f76b2c2d30 JavaThread "JDWP Transport Listener: dt_socket" daemon [_thread_blocked, id=7488, stack(0x000000a0f0600000,0x000000a0f0700000)]
  0x000001f76b1e9da0 JavaThread "JDWP Event Helper Thread" daemon [_thread_blocked, id=21124, stack(0x000000a0f0700000,0x000000a0f0800000)]
  0x000001f76b1ea690 JavaThread "JDWP Command Reader" daemon [_thread_in_native, id=20540, stack(0x000000a0f0800000,0x000000a0f0900000)]
  0x000001f76b502ae0 JavaThread "Notification Thread" daemon [_thread_blocked, id=7992, stack(0x000000a0f0900000,0x000000a0f0a00000)]
  0x000001f76b6fba90 JavaThread "QuantumRenderer-0" daemon [_thread_blocked, id=20380, stack(0x000000a0f2400000,0x000000a0f2500000)]

Other Threads:
=>0x000001f76ac38400 VMThread "VM Thread" [stack: 0x000000a0ef900000,0x000000a0efa00000] [id=8540]
  0x000001f76b28f730 WatcherThread [stack: 0x000000a0f0a00000,0x000000a0f0b00000] [id=17028]
  0x000001f736405d50 GCTaskThread "GC Thread#0" [stack: 0x000000a0ef400000,0x000000a0ef500000] [id=17040]
  0x000001f76b6e7c00 GCTaskThread "GC Thread#1" [stack: 0x000000a0f1800000,0x000000a0f1900000] [id=22328]
  0x000001f76b6e7f10 GCTaskThread "GC Thread#2" [stack: 0x000000a0f1900000,0x000000a0f1a00000] [id=22136]
  0x000001f76b6e8630 GCTaskThread "GC Thread#3" [stack: 0x000000a0f1a00000,0x000000a0f1b00000] [id=524]
  0x000001f76b6e8940 GCTaskThread "GC Thread#4" [stack: 0x000000a0f1b00000,0x000000a0f1c00000] [id=4652]
  0x000001f76b6eac60 GCTaskThread "GC Thread#5" [stack: 0x000000a0f1c00000,0x000000a0f1d00000] [id=21140]
  0x000001f76b6eaf70 GCTaskThread "GC Thread#6" [stack: 0x000000a0f1d00000,0x000000a0f1e00000] [id=7832]
  0x000001f76b6ebea0 GCTaskThread "GC Thread#7" [stack: 0x000000a0f1e00000,0x000000a0f1f00000] [id=5392]
  0x000001f76b6ec5c0 GCTaskThread "GC Thread#8" [stack: 0x000000a0f1f00000,0x000000a0f2000000] [id=18000]
  0x000001f76b6ec8d0 GCTaskThread "GC Thread#9" [stack: 0x000000a0f2000000,0x000000a0f2100000] [id=11152]
  0x000001f736417c30 ConcurrentGCThread "G1 Main Marker" [stack: 0x000000a0ef500000,0x000000a0ef600000] [id=14200]
  0x000001f736418d50 ConcurrentGCThread "G1 Conc#0" [stack: 0x000000a0ef600000,0x000000a0ef700000] [id=22340]
  0x000001f73646e710 ConcurrentGCThread "G1 Refine#0" [stack: 0x000000a0ef700000,0x000000a0ef800000] [id=12804]
  0x000001f76a19a270 ConcurrentGCThread "G1 Service" [stack: 0x000000a0ef800000,0x000000a0ef900000] [id=19636]

Threads with active compile tasks:

VM state: at safepoint (normal execution)

VM Mutex/Monitor currently owned by a thread:  ([mutex/lock_event])
[0x000001f736389990] Threads_lock - owner thread: 0x000001f76ac38400

Heap address: 0x00000005c1000000, size: 8176 MB, Compressed Oops mode: Zero based, Oop shift amount: 3

CDS disabled.
Compressed class space mapped at: 0x00000007c0000000-0x0000000800000000, reserved size: 1073741824
Narrow klass base: 0x0000000000000000, Narrow klass shift: 3, Narrow klass range: 0x800000000

GC Precious Log:
 CPUs: 12 total, 12 available
 Memory: 32691M
 Large Page Support: Disabled
 NUMA Support: Disabled
 Compressed Oops: Enabled (Zero based)
 Heap Region Size: 4M
 Heap Min Capacity: 8M
 Heap Initial Capacity: 512M
 Heap Max Capacity: 8176M
 Pre-touch: Disabled
 Parallel Workers: 10
 Concurrent Workers: 3
 Concurrent Refinement Workers: 10
 Periodic GC: Disabled

Heap:
 garbage-first heap   total 524288K, used 35072K [0x00000005c1000000, 0x00000007c0000000)
  region size 4096K, 10 young (40960K), 1 survivors (4096K)
 Metaspace       used 14547K, committed 14720K, reserved 1064960K
  class space    used 1453K, committed 1536K, reserved 1048576K

Heap Regions: E=young(eden), S=young(survivor), O=old, HS=humongous(starts), HC=humongous(continues), CS=collection set, F=free, OA=open archive, CA=closed archive, TAMS=top-at-mark-start (previous, next)
|   0|0x00000005c1000000, 0x00000005c1000000, 0x00000005c1400000|  0%| F|  |TAMS 0x00000005c1000000, 0x00000005c1000000| Untracked 
|   1|0x00000005c1400000, 0x00000005c1400000, 0x00000005c1800000|  0%| F|  |TAMS 0x00000005c1400000, 0x00000005c1400000| Untracked 
|   2|0x00000005c1800000, 0x00000005c1800000, 0x00000005c1c00000|  0%| F|  |TAMS 0x00000005c1800000, 0x00000005c1800000| Untracked 
|   3|0x00000005c1c00000, 0x00000005c1c00000, 0x00000005c2000000|  0%| F|  |TAMS 0x00000005c1c00000, 0x00000005c1c00000| Untracked 
|   4|0x00000005c2000000, 0x00000005c2000000, 0x00000005c2400000|  0%| F|  |TAMS 0x00000005c2000000, 0x00000005c2000000| Untracked 
|   5|0x00000005c2400000, 0x00000005c2400000, 0x00000005c2800000|  0%| F|  |TAMS 0x00000005c2400000, 0x00000005c2400000| Untracked 
|   6|0x00000005c2800000, 0x00000005c2800000, 0x00000005c2c00000|  0%| F|  |TAMS 0x00000005c2800000, 0x00000005c2800000| Untracked 
|   7|0x00000005c2c00000, 0x00000005c2c00000, 0x00000005c3000000|  0%| F|  |TAMS 0x00000005c2c00000, 0x00000005c2c00000| Untracked 
|   8|0x00000005c3000000, 0x00000005c3000000, 0x00000005c3400000|  0%| F|  |TAMS 0x00000005c3000000, 0x00000005c3000000| Untracked 
|   9|0x00000005c3400000, 0x00000005c3400000, 0x00000005c3800000|  0%| F|  |TAMS 0x00000005c3400000, 0x00000005c3400000| Untracked 
|  10|0x00000005c3800000, 0x00000005c3800000, 0x00000005c3c00000|  0%| F|  |TAMS 0x00000005c3800000, 0x00000005c3800000| Untracked 
|  11|0x00000005c3c00000, 0x00000005c3c00000, 0x00000005c4000000|  0%| F|  |TAMS 0x00000005c3c00000, 0x00000005c3c00000| Untracked 
|  12|0x00000005c4000000, 0x00000005c4000000, 0x00000005c4400000|  0%| F|  |TAMS 0x00000005c4000000, 0x00000005c4000000| Untracked 
|  13|0x00000005c4400000, 0x00000005c4400000, 0x00000005c4800000|  0%| F|  |TAMS 0x00000005c4400000, 0x00000005c4400000| Untracked 
|  14|0x00000005c4800000, 0x00000005c4800000, 0x00000005c4c00000|  0%| F|  |TAMS 0x00000005c4800000, 0x00000005c4800000| Untracked 
|  15|0x00000005c4c00000, 0x00000005c4c00000, 0x00000005c5000000|  0%| F|  |TAMS 0x00000005c4c00000, 0x00000005c4c00000| Untracked 
|  16|0x00000005c5000000, 0x00000005c5000000, 0x00000005c5400000|  0%| F|  |TAMS 0x00000005c5000000, 0x00000005c5000000| Untracked 
|  17|0x00000005c5400000, 0x00000005c5400000, 0x00000005c5800000|  0%| F|  |TAMS 0x00000005c5400000, 0x00000005c5400000| Untracked 
|  18|0x00000005c5800000, 0x00000005c5800000, 0x00000005c5c00000|  0%| F|  |TAMS 0x00000005c5800000, 0x00000005c5800000| Untracked 
|  19|0x00000005c5c00000, 0x00000005c5c00000, 0x00000005c6000000|  0%| F|  |TAMS 0x00000005c5c00000, 0x00000005c5c00000| Untracked 
|  20|0x00000005c6000000, 0x00000005c6000000, 0x00000005c6400000|  0%| F|  |TAMS 0x00000005c6000000, 0x00000005c6000000| Untracked 
|  21|0x00000005c6400000, 0x00000005c6400000, 0x00000005c6800000|  0%| F|  |TAMS 0x00000005c6400000, 0x00000005c6400000| Untracked 
|  22|0x00000005c6800000, 0x00000005c6800000, 0x00000005c6c00000|  0%| F|  |TAMS 0x00000005c6800000, 0x00000005c6800000| Untracked 
|  23|0x00000005c6c00000, 0x00000005c6c00000, 0x00000005c7000000|  0%| F|  |TAMS 0x00000005c6c00000, 0x00000005c6c00000| Untracked 
|  24|0x00000005c7000000, 0x00000005c7000000, 0x00000005c7400000|  0%| F|  |TAMS 0x00000005c7000000, 0x00000005c7000000| Untracked 
|  25|0x00000005c7400000, 0x00000005c7400000, 0x00000005c7800000|  0%| F|  |TAMS 0x00000005c7400000, 0x00000005c7400000| Untracked 
|  26|0x00000005c7800000, 0x00000005c7800000, 0x00000005c7c00000|  0%| F|  |TAMS 0x00000005c7800000, 0x00000005c7800000| Untracked 
|  27|0x00000005c7c00000, 0x00000005c7c00000, 0x00000005c8000000|  0%| F|  |TAMS 0x00000005c7c00000, 0x00000005c7c00000| Untracked 
|  28|0x00000005c8000000, 0x00000005c8000000, 0x00000005c8400000|  0%| F|  |TAMS 0x00000005c8000000, 0x00000005c8000000| Untracked 
|  29|0x00000005c8400000, 0x00000005c8400000, 0x00000005c8800000|  0%| F|  |TAMS 0x00000005c8400000, 0x00000005c8400000| Untracked 
|  30|0x00000005c8800000, 0x00000005c8800000, 0x00000005c8c00000|  0%| F|  |TAMS 0x00000005c8800000, 0x00000005c8800000| Untracked 
|  31|0x00000005c8c00000, 0x00000005c8c00000, 0x00000005c9000000|  0%| F|  |TAMS 0x00000005c8c00000, 0x00000005c8c00000| Untracked 
|  32|0x00000005c9000000, 0x00000005c9000000, 0x00000005c9400000|  0%| F|  |TAMS 0x00000005c9000000, 0x00000005c9000000| Untracked 
|  33|0x00000005c9400000, 0x00000005c9400000, 0x00000005c9800000|  0%| F|  |TAMS 0x00000005c9400000, 0x00000005c9400000| Untracked 
|  34|0x00000005c9800000, 0x00000005c9800000, 0x00000005c9c00000|  0%| F|  |TAMS 0x00000005c9800000, 0x00000005c9800000| Untracked 
|  35|0x00000005c9c00000, 0x00000005c9c00000, 0x00000005ca000000|  0%| F|  |TAMS 0x00000005c9c00000, 0x00000005c9c00000| Untracked 
|  36|0x00000005ca000000, 0x00000005ca000000, 0x00000005ca400000|  0%| F|  |TAMS 0x00000005ca000000, 0x00000005ca000000| Untracked 
|  37|0x00000005ca400000, 0x00000005ca400000, 0x00000005ca800000|  0%| F|  |TAMS 0x00000005ca400000, 0x00000005ca400000| Untracked 
|  38|0x00000005ca800000, 0x00000005ca800000, 0x00000005cac00000|  0%| F|  |TAMS 0x00000005ca800000, 0x00000005ca800000| Untracked 
|  39|0x00000005cac00000, 0x00000005cac00000, 0x00000005cb000000|  0%| F|  |TAMS 0x00000005cac00000, 0x00000005cac00000| Untracked 
|  40|0x00000005cb000000, 0x00000005cb000000, 0x00000005cb400000|  0%| F|  |TAMS 0x00000005cb000000, 0x00000005cb000000| Untracked 
|  41|0x00000005cb400000, 0x00000005cb400000, 0x00000005cb800000|  0%| F|  |TAMS 0x00000005cb400000, 0x00000005cb400000| Untracked 
|  42|0x00000005cb800000, 0x00000005cb800000, 0x00000005cbc00000|  0%| F|  |TAMS 0x00000005cb800000, 0x00000005cb800000| Untracked 
|  43|0x00000005cbc00000, 0x00000005cbc00000, 0x00000005cc000000|  0%| F|  |TAMS 0x00000005cbc00000, 0x00000005cbc00000| Untracked 
|  44|0x00000005cc000000, 0x00000005cc000000, 0x00000005cc400000|  0%| F|  |TAMS 0x00000005cc000000, 0x00000005cc000000| Untracked 
|  45|0x00000005cc400000, 0x00000005cc400000, 0x00000005cc800000|  0%| F|  |TAMS 0x00000005cc400000, 0x00000005cc400000| Untracked 
|  46|0x00000005cc800000, 0x00000005cc800000, 0x00000005ccc00000|  0%| F|  |TAMS 0x00000005cc800000, 0x00000005cc800000| Untracked 
|  47|0x00000005ccc00000, 0x00000005ccc00000, 0x00000005cd000000|  0%| F|  |TAMS 0x00000005ccc00000, 0x00000005ccc00000| Untracked 
|  48|0x00000005cd000000, 0x00000005cd000000, 0x00000005cd400000|  0%| F|  |TAMS 0x00000005cd000000, 0x00000005cd000000| Untracked 
|  49|0x00000005cd400000, 0x00000005cd400000, 0x00000005cd800000|  0%| F|  |TAMS 0x00000005cd400000, 0x00000005cd400000| Untracked 
|  50|0x00000005cd800000, 0x00000005cd800000, 0x00000005cdc00000|  0%| F|  |TAMS 0x00000005cd800000, 0x00000005cd800000| Untracked 
|  51|0x00000005cdc00000, 0x00000005cdc00000, 0x00000005ce000000|  0%| F|  |TAMS 0x00000005cdc00000, 0x00000005cdc00000| Untracked 
|  52|0x00000005ce000000, 0x00000005ce000000, 0x00000005ce400000|  0%| F|  |TAMS 0x00000005ce000000, 0x00000005ce000000| Untracked 
|  53|0x00000005ce400000, 0x00000005ce400000, 0x00000005ce800000|  0%| F|  |TAMS 0x00000005ce400000, 0x00000005ce400000| Untracked 
|  54|0x00000005ce800000, 0x00000005ce800000, 0x00000005cec00000|  0%| F|  |TAMS 0x00000005ce800000, 0x00000005ce800000| Untracked 
|  55|0x00000005cec00000, 0x00000005cec00000, 0x00000005cf000000|  0%| F|  |TAMS 0x00000005cec00000, 0x00000005cec00000| Untracked 
|  56|0x00000005cf000000, 0x00000005cf000000, 0x00000005cf400000|  0%| F|  |TAMS 0x00000005cf000000, 0x00000005cf000000| Untracked 
|  57|0x00000005cf400000, 0x00000005cf400000, 0x00000005cf800000|  0%| F|  |TAMS 0x00000005cf400000, 0x00000005cf400000| Untracked 
|  58|0x00000005cf800000, 0x00000005cf800000, 0x00000005cfc00000|  0%| F|  |TAMS 0x00000005cf800000, 0x00000005cf800000| Untracked 
|  59|0x00000005cfc00000, 0x00000005cfc00000, 0x00000005d0000000|  0%| F|  |TAMS 0x00000005cfc00000, 0x00000005cfc00000| Untracked 
|  60|0x00000005d0000000, 0x00000005d0000000, 0x00000005d0400000|  0%| F|  |TAMS 0x00000005d0000000, 0x00000005d0000000| Untracked 
|  61|0x00000005d0400000, 0x00000005d0400000, 0x00000005d0800000|  0%| F|  |TAMS 0x00000005d0400000, 0x00000005d0400000| Untracked 
|  62|0x00000005d0800000, 0x00000005d0800000, 0x00000005d0c00000|  0%| F|  |TAMS 0x00000005d0800000, 0x00000005d0800000| Untracked 
|  63|0x00000005d0c00000, 0x00000005d0c00000, 0x00000005d1000000|  0%| F|  |TAMS 0x00000005d0c00000, 0x00000005d0c00000| Untracked 
|  64|0x00000005d1000000, 0x00000005d1000000, 0x00000005d1400000|  0%| F|  |TAMS 0x00000005d1000000, 0x00000005d1000000| Untracked 
|  65|0x00000005d1400000, 0x00000005d1400000, 0x00000005d1800000|  0%| F|  |TAMS 0x00000005d1400000, 0x00000005d1400000| Untracked 
|  66|0x00000005d1800000, 0x00000005d1800000, 0x00000005d1c00000|  0%| F|  |TAMS 0x00000005d1800000, 0x00000005d1800000| Untracked 
|  67|0x00000005d1c00000, 0x00000005d1c00000, 0x00000005d2000000|  0%| F|  |TAMS 0x00000005d1c00000, 0x00000005d1c00000| Untracked 
|  68|0x00000005d2000000, 0x00000005d2000000, 0x00000005d2400000|  0%| F|  |TAMS 0x00000005d2000000, 0x00000005d2000000| Untracked 
|  69|0x00000005d2400000, 0x00000005d2400000, 0x00000005d2800000|  0%| F|  |TAMS 0x00000005d2400000, 0x00000005d2400000| Untracked 
|  70|0x00000005d2800000, 0x00000005d2800000, 0x00000005d2c00000|  0%| F|  |TAMS 0x00000005d2800000, 0x00000005d2800000| Untracked 
|  71|0x00000005d2c00000, 0x00000005d2c00000, 0x00000005d3000000|  0%| F|  |TAMS 0x00000005d2c00000, 0x00000005d2c00000| Untracked 
|  72|0x00000005d3000000, 0x00000005d3000000, 0x00000005d3400000|  0%| F|  |TAMS 0x00000005d3000000, 0x00000005d3000000| Untracked 
|  73|0x00000005d3400000, 0x00000005d3400000, 0x00000005d3800000|  0%| F|  |TAMS 0x00000005d3400000, 0x00000005d3400000| Untracked 
|  74|0x00000005d3800000, 0x00000005d3800000, 0x00000005d3c00000|  0%| F|  |TAMS 0x00000005d3800000, 0x00000005d3800000| Untracked 
|  75|0x00000005d3c00000, 0x00000005d3c00000, 0x00000005d4000000|  0%| F|  |TAMS 0x00000005d3c00000, 0x00000005d3c00000| Untracked 
|  76|0x00000005d4000000, 0x00000005d4000000, 0x00000005d4400000|  0%| F|  |TAMS 0x00000005d4000000, 0x00000005d4000000| Untracked 
|  77|0x00000005d4400000, 0x00000005d4400000, 0x00000005d4800000|  0%| F|  |TAMS 0x00000005d4400000, 0x00000005d4400000| Untracked 
|  78|0x00000005d4800000, 0x00000005d4800000, 0x00000005d4c00000|  0%| F|  |TAMS 0x00000005d4800000, 0x00000005d4800000| Untracked 
|  79|0x00000005d4c00000, 0x00000005d4c00000, 0x00000005d5000000|  0%| F|  |TAMS 0x00000005d4c00000, 0x00000005d4c00000| Untracked 
|  80|0x00000005d5000000, 0x00000005d5000000, 0x00000005d5400000|  0%| F|  |TAMS 0x00000005d5000000, 0x00000005d5000000| Untracked 
|  81|0x00000005d5400000, 0x00000005d5400000, 0x00000005d5800000|  0%| F|  |TAMS 0x00000005d5400000, 0x00000005d5400000| Untracked 
|  82|0x00000005d5800000, 0x00000005d5800000, 0x00000005d5c00000|  0%| F|  |TAMS 0x00000005d5800000, 0x00000005d5800000| Untracked 
|  83|0x00000005d5c00000, 0x00000005d5c00000, 0x00000005d6000000|  0%| F|  |TAMS 0x00000005d5c00000, 0x00000005d5c00000| Untracked 
|  84|0x00000005d6000000, 0x00000005d6000000, 0x00000005d6400000|  0%| F|  |TAMS 0x00000005d6000000, 0x00000005d6000000| Untracked 
|  85|0x00000005d6400000, 0x00000005d6400000, 0x00000005d6800000|  0%| F|  |TAMS 0x00000005d6400000, 0x00000005d6400000| Untracked 
|  86|0x00000005d6800000, 0x00000005d6800000, 0x00000005d6c00000|  0%| F|  |TAMS 0x00000005d6800000, 0x00000005d6800000| Untracked 
|  87|0x00000005d6c00000, 0x00000005d6c00000, 0x00000005d7000000|  0%| F|  |TAMS 0x00000005d6c00000, 0x00000005d6c00000| Untracked 
|  88|0x00000005d7000000, 0x00000005d7000000, 0x00000005d7400000|  0%| F|  |TAMS 0x00000005d7000000, 0x00000005d7000000| Untracked 
|  89|0x00000005d7400000, 0x00000005d7400000, 0x00000005d7800000|  0%| F|  |TAMS 0x00000005d7400000, 0x00000005d7400000| Untracked 
|  90|0x00000005d7800000, 0x00000005d7800000, 0x00000005d7c00000|  0%| F|  |TAMS 0x00000005d7800000, 0x00000005d7800000| Untracked 
|  91|0x00000005d7c00000, 0x00000005d7c00000, 0x00000005d8000000|  0%| F|  |TAMS 0x00000005d7c00000, 0x00000005d7c00000| Untracked 
|  92|0x00000005d8000000, 0x00000005d8000000, 0x00000005d8400000|  0%| F|  |TAMS 0x00000005d8000000, 0x00000005d8000000| Untracked 
|  93|0x00000005d8400000, 0x00000005d8400000, 0x00000005d8800000|  0%| F|  |TAMS 0x00000005d8400000, 0x00000005d8400000| Untracked 
|  94|0x00000005d8800000, 0x00000005d8800000, 0x00000005d8c00000|  0%| F|  |TAMS 0x00000005d8800000, 0x00000005d8800000| Untracked 
|  95|0x00000005d8c00000, 0x00000005d8c00000, 0x00000005d9000000|  0%| F|  |TAMS 0x00000005d8c00000, 0x00000005d8c00000| Untracked 
|  96|0x00000005d9000000, 0x00000005d9000000, 0x00000005d9400000|  0%| F|  |TAMS 0x00000005d9000000, 0x00000005d9000000| Untracked 
|  97|0x00000005d9400000, 0x00000005d9400000, 0x00000005d9800000|  0%| F|  |TAMS 0x00000005d9400000, 0x00000005d9400000| Untracked 
|  98|0x00000005d9800000, 0x00000005d9800000, 0x00000005d9c00000|  0%| F|  |TAMS 0x00000005d9800000, 0x00000005d9800000| Untracked 
|  99|0x00000005d9c00000, 0x00000005d9c00000, 0x00000005da000000|  0%| F|  |TAMS 0x00000005d9c00000, 0x00000005d9c00000| Untracked 
| 100|0x00000005da000000, 0x00000005da000000, 0x00000005da400000|  0%| F|  |TAMS 0x00000005da000000, 0x00000005da000000| Untracked 
| 101|0x00000005da400000, 0x00000005da400000, 0x00000005da800000|  0%| F|  |TAMS 0x00000005da400000, 0x00000005da400000| Untracked 
| 102|0x00000005da800000, 0x00000005da800000, 0x00000005dac00000|  0%| F|  |TAMS 0x00000005da800000, 0x00000005da800000| Untracked 
| 103|0x00000005dac00000, 0x00000005dac00000, 0x00000005db000000|  0%| F|  |TAMS 0x00000005dac00000, 0x00000005dac00000| Untracked 
| 104|0x00000005db000000, 0x00000005db000000, 0x00000005db400000|  0%| F|  |TAMS 0x00000005db000000, 0x00000005db000000| Untracked 
| 105|0x00000005db400000, 0x00000005db400000, 0x00000005db800000|  0%| F|  |TAMS 0x00000005db400000, 0x00000005db400000| Untracked 
| 106|0x00000005db800000, 0x00000005db800000, 0x00000005dbc00000|  0%| F|  |TAMS 0x00000005db800000, 0x00000005db800000| Untracked 
| 107|0x00000005dbc00000, 0x00000005dbc00000, 0x00000005dc000000|  0%| F|  |TAMS 0x00000005dbc00000, 0x00000005dbc00000| Untracked 
| 108|0x00000005dc000000, 0x00000005dc000000, 0x00000005dc400000|  0%| F|  |TAMS 0x00000005dc000000, 0x00000005dc000000| Untracked 
| 109|0x00000005dc400000, 0x00000005dc400000, 0x00000005dc800000|  0%| F|  |TAMS 0x00000005dc400000, 0x00000005dc400000| Untracked 
| 110|0x00000005dc800000, 0x00000005dc800000, 0x00000005dcc00000|  0%| F|  |TAMS 0x00000005dc800000, 0x00000005dc800000| Untracked 
| 111|0x00000005dcc00000, 0x00000005dcc00000, 0x00000005dd000000|  0%| F|  |TAMS 0x00000005dcc00000, 0x00000005dcc00000| Untracked 
| 112|0x00000005dd000000, 0x00000005dd000000, 0x00000005dd400000|  0%| F|  |TAMS 0x00000005dd000000, 0x00000005dd000000| Untracked 
| 113|0x00000005dd400000, 0x00000005dd400000, 0x00000005dd800000|  0%| F|  |TAMS 0x00000005dd400000, 0x00000005dd400000| Untracked 
| 114|0x00000005dd800000, 0x00000005dd800000, 0x00000005ddc00000|  0%| F|  |TAMS 0x00000005dd800000, 0x00000005dd800000| Untracked 
| 115|0x00000005ddc00000, 0x00000005ddc00000, 0x00000005de000000|  0%| F|  |TAMS 0x00000005ddc00000, 0x00000005ddc00000| Untracked 
| 116|0x00000005de000000, 0x00000005de000000, 0x00000005de400000|  0%| F|  |TAMS 0x00000005de000000, 0x00000005de000000| Untracked 
| 117|0x00000005de400000, 0x00000005de400000, 0x00000005de800000|  0%| F|  |TAMS 0x00000005de400000, 0x00000005de400000| Untracked 
| 118|0x00000005de800000, 0x00000005dea33be0, 0x00000005dec00000| 55%| E|  |TAMS 0x00000005de800000, 0x00000005de800000| Complete 
| 119|0x00000005dec00000, 0x00000005df000000, 0x00000005df000000|100%| E|CS|TAMS 0x00000005dec00000, 0x00000005dec00000| Complete 
| 120|0x00000005df000000, 0x00000005df400000, 0x00000005df400000|100%| E|CS|TAMS 0x00000005df000000, 0x00000005df000000| Complete 
| 121|0x00000005df400000, 0x00000005df6402b0, 0x00000005df800000| 56%| S|CS|TAMS 0x00000005df400000, 0x00000005df400000| Complete 
| 122|0x00000005df800000, 0x00000005dfc00000, 0x00000005dfc00000|100%| E|CS|TAMS 0x00000005df800000, 0x00000005df800000| Complete 
| 123|0x00000005dfc00000, 0x00000005e0000000, 0x00000005e0000000|100%| E|CS|TAMS 0x00000005dfc00000, 0x00000005dfc00000| Complete 
| 124|0x00000005e0000000, 0x00000005e0400000, 0x00000005e0400000|100%| E|CS|TAMS 0x00000005e0000000, 0x00000005e0000000| Complete 
| 125|0x00000005e0400000, 0x00000005e0800000, 0x00000005e0800000|100%| E|CS|TAMS 0x00000005e0400000, 0x00000005e0400000| Complete 
| 126|0x00000005e0800000, 0x00000005e0c00000, 0x00000005e0c00000|100%| E|CS|TAMS 0x00000005e0800000, 0x00000005e0800000| Complete 
| 127|0x00000005e0c00000, 0x00000005e1000000, 0x00000005e1000000|100%| E|CS|TAMS 0x00000005e0c00000, 0x00000005e0c00000| Complete 

Card table byte_map: [0x000001f7556f0000,0x000001f7566f0000] _byte_map_base: 0x000001f7528e8000

Marking Bits (Prev, Next): (CMBitMap*) 0x000001f7364072e0, (CMBitMap*) 0x000001f736407320
 Prev Bits: [0x000001f7576f0000, 0x000001f75f6b0000)
 Next Bits: [0x000001f75f6b0000, 0x000001f767670000)

Polling page: 0x000001f734380000

Metaspace:

Usage:
  Non-class:     12.79 MB used.
      Class:      1.42 MB used.
       Both:     14.21 MB used.

Virtual space:
  Non-class space:       16.00 MB reserved,      12.88 MB ( 80%) committed,  2 nodes.
      Class space:        1.00 GB reserved,       1.50 MB ( <1%) committed,  1 nodes.
              Both:        1.02 GB reserved,      14.38 MB (  1%) committed. 

Chunk freelists:
   Non-Class:  3.00 MB
       Class:  2.34 MB
        Both:  5.34 MB

MaxMetaspaceSize: 17179869184.00 GB
CompressedClassSpaceSize: 1.00 GB
 - commit_granule_bytes: 65536.
 - commit_granule_words: 8192.
 - virtual_space_node_default_size: 1048576.
 - enlarge_chunks_in_place: 1.
 - new_chunks_are_fully_committed: 0.
 - uncommit_free_chunks: 1.
 - use_allocation_guard: 0.
 - handle_deallocations: 1.


Internal statistics:

num_allocs_failed_limit: 0.
num_arena_births: 98.
num_arena_deaths: 0.
num_vsnodes_births: 3.
num_vsnodes_deaths: 0.
num_space_committed: 229.
num_space_uncommitted: 0.
num_chunks_returned_to_freelist: 0.
num_chunks_taken_from_freelist: 296.
num_chunk_merges: 0.
num_chunk_splits: 189.
num_chunks_enlarged: 140.
num_purges: 0.

CodeHeap 'non-profiled nmethods': size=120000Kb used=599Kb max_used=599Kb free=119401Kb
 bounds [0x000001f74cc60000, 0x000001f74ced0000, 0x000001f754190000]
CodeHeap 'profiled nmethods': size=120000Kb used=2672Kb max_used=2672Kb free=117327Kb
 bounds [0x000001f745730000, 0x000001f7459d0000, 0x000001f74cc60000]
CodeHeap 'non-nmethods': size=5760Kb used=1268Kb max_used=1298Kb free=4491Kb
 bounds [0x000001f745190000, 0x000001f745400000, 0x000001f745730000]
 total_blobs=2055 nmethods=1563 adapters=405
 compilation: enabled
              stopped_count=0, restarted_count=0
 full_count=0

Compilation events (20 events):
Event: 0.688 Thread 0x000001f76ac96720 1549       3       javafx.beans.property.ObjectPropertyBase::<init> (30 bytes)
Event: 0.688 Thread 0x000001f76ac96720 nmethod 1549 0x000001f7459c8010 code [0x000001f7459c81e0, 0x000001f7459c8578]
Event: 0.700 Thread 0x000001f76af9fc50 nmethod 1507 0x000001f74cced190 code [0x000001f74cced4c0, 0x000001f74ccef758]
Event: 0.702 Thread 0x000001f76ac8a8c0 nmethod 1492 0x000001f74ccf0e90 code [0x000001f74ccf11c0, 0x000001f74ccf3618]
Event: 7.804 Thread 0x000001f76ac96720 1556       3       kit.pse.hgv.graphSystem.Graph::getNodeById (15 bytes)
Event: 7.804 Thread 0x000001f76ac8a8c0 1561       4       com.sun.javafx.scene.shape.ShapeHelper::markDirtyImpl (17 bytes)
Event: 7.804 Thread 0x000001f76ac96720 nmethod 1556 0x000001f7459c8690 code [0x000001f7459c8880, 0x000001f7459c8dc8]
Event: 7.804 Thread 0x000001f76ac96720 1557       3       com.sun.javafx.scene.NodeHelper::markDirty (10 bytes)
Event: 7.804 Thread 0x000001f76ac96720 nmethod 1557 0x000001f7459c9010 code [0x000001f7459c91c0, 0x000001f7459c93b8]
Event: 7.804 Thread 0x000001f76ac96720 1560       3       javafx.beans.property.ObjectPropertyBase::set (76 bytes)
Event: 7.805 Thread 0x000001f76ac96720 nmethod 1560 0x000001f7459c9490 code [0x000001f7459c9700, 0x000001f7459ca1b8]
Event: 7.805 Thread 0x000001f76ac96720 1558       3       kit.pse.hgv.graphSystem.GraphSystem::getInstance (20 bytes)
Event: 7.805 Thread 0x000001f76ac96720 nmethod 1558 0x000001f7459ca490 code [0x000001f7459ca660, 0x000001f7459cab18]
Event: 7.805 Thread 0x000001f76ac96720 1559       3       kit.pse.hgv.graphSystem.GraphSystem::getGraphElementByID (52 bytes)
Event: 7.805 Thread 0x000001f76ac96720 nmethod 1559 0x000001f7459cac90 code [0x000001f7459caea0, 0x000001f7459cb508]
Event: 7.805 Thread 0x000001f76ac96720 1563       3       kit.pse.hgv.graphSystem.GraphSystem::getGraphByID (15 bytes)
Event: 7.806 Thread 0x000001f76ac96720 nmethod 1563 0x000001f7459cb710 code [0x000001f7459cb900, 0x000001f7459cbe48]
Event: 7.808 Thread 0x000001f76ac8a8c0 nmethod 1561 0x000001f74ccf4d90 code [0x000001f74ccf4f40, 0x000001f74ccf5458]
Event: 7.808 Thread 0x000001f76ac8a8c0 1562       4       javafx.beans.property.ObjectPropertyBase::isBound (13 bytes)
Event: 7.808 Thread 0x000001f76ac8a8c0 nmethod 1562 0x000001f74ccf5910 code [0x000001f74ccf5aa0, 0x000001f74ccf5b38]

GC Heap History (2 events):
Event: 0.412 GC heap before
{Heap before GC invocations=0 (full 0):
 garbage-first heap   total 524288K, used 24576K [0x00000005c1000000, 0x00000007c0000000)
  region size 4096K, 6 young (24576K), 0 survivors (0K)
 Metaspace       used 10823K, committed 10944K, reserved 1064960K
  class space    used 1006K, committed 1088K, reserved 1048576K
}
Event: 0.415 GC heap after
{Heap after GC invocations=1 (full 0):
 garbage-first heap   total 524288K, used 2304K [0x00000005c1000000, 0x00000007c0000000)
  region size 4096K, 1 young (4096K), 1 survivors (4096K)
 Metaspace       used 10823K, committed 10944K, reserved 1064960K
  class space    used 1006K, committed 1088K, reserved 1048576K
}

Deoptimization events (20 events):
Event: 7.804 Thread 0x000001f76b6f8020 Uncommon trap: trap_request=0xffffff45 fr.pc=0x000001f74ccea98c relative=0x000000000000080c
Event: 7.804 Thread 0x000001f76b6f5050 DEOPT PACKING pc=0x000001f74ccee4a4 sp=0x000000a0f0ffecc0
Event: 7.804 Thread 0x000001f76b6fca80 Uncommon trap: trap_request=0xffffff45 fr.pc=0x000001f74ccea98c relative=0x000000000000080c
Event: 7.804 Thread 0x000001f76b6f8570 DEOPT UNPACKING pc=0x000001f7451dd72e sp=0x000000a0f05fed18 mode 2
Event: 7.804 Thread 0x000001f76b6f9560 Uncommon trap: reason=unstable_if action=reinterpret pc=0x000001f74cce8924 method=javafx.scene.shape.Shape.computeMode()Lcom/sun/javafx/sg/prism/NGShape$Mode; @ 11 c2
Event: 7.804 Thread 0x000001f76b6f9ab0 Uncommon trap: trap_request=0xffffff45 fr.pc=0x000001f74ccea98c relative=0x000000000000080c
Event: 7.804 Thread 0x000001f76b6f8020 Uncommon trap: reason=unstable_if action=reinterpret pc=0x000001f74ccea98c method=javafx.scene.shape.Shape.computeMode()Lcom/sun/javafx/sg/prism/NGShape$Mode; @ 11 c2
Event: 7.804 Thread 0x000001f76b6f5050 DEOPT UNPACKING pc=0x000001f7451dd72e sp=0x000000a0f0ffebb0 mode 2
Event: 7.804 Thread 0x000001f76b6fca80 Uncommon trap: reason=unstable_if action=reinterpret pc=0x000001f74ccea98c method=javafx.scene.shape.Shape.computeMode()Lcom/sun/javafx/sg/prism/NGShape$Mode; @ 11 c2
Event: 7.804 Thread 0x000001f76b6f9ab0 Uncommon trap: reason=unstable_if action=reinterpret pc=0x000001f74ccea98c method=javafx.scene.shape.Shape.computeMode()Lcom/sun/javafx/sg/prism/NGShape$Mode; @ 11 c2
Event: 7.804 Thread 0x000001f76b6f55a0 DEOPT PACKING pc=0x000001f74ccee4a4 sp=0x000000a0f14fec30
Event: 7.804 Thread 0x000001f76b6f55a0 DEOPT UNPACKING pc=0x000001f7451dd72e sp=0x000000a0f14feb20 mode 2
Event: 7.804 Thread 0x000001f76b6f9560 DEOPT PACKING pc=0x000001f74cce8924 sp=0x000000a0f11fec20
Event: 7.804 Thread 0x000001f76b6f9560 DEOPT UNPACKING pc=0x000001f7451dd72e sp=0x000000a0f11febc8 mode 2
Event: 7.804 Thread 0x000001f76b6f8020 DEOPT PACKING pc=0x000001f74ccea98c sp=0x000000a0f0dff150
Event: 7.804 Thread 0x000001f76b6f8020 DEOPT UNPACKING pc=0x000001f7451dd72e sp=0x000000a0f0dff108 mode 2
Event: 7.804 Thread 0x000001f76b6fca80 DEOPT PACKING pc=0x000001f74ccea98c sp=0x000000a0f0cfeba0
Event: 7.804 Thread 0x000001f76b6fca80 DEOPT UNPACKING pc=0x000001f7451dd72e sp=0x000000a0f0cfeb58 mode 2
Event: 7.804 Thread 0x000001f76b6f9ab0 DEOPT PACKING pc=0x000001f74ccea98c sp=0x000000a0f0efeab0
Event: 7.804 Thread 0x000001f76b6f9ab0 DEOPT UNPACKING pc=0x000001f7451dd72e sp=0x000000a0f0efea68 mode 2

Classes unloaded (0 events):
No events

Classes redefined (3 events):
Event: 50.642 Thread 0x000001f76ac38400 redefined class name=kit.pse.hgv.view.hyperbolicModel.CalculationTest, count=1
Event: 66.727 Thread 0x000001f76ac38400 redefined class name=kit.pse.hgv.view.hyperbolicModel.CalculationTest, count=2
Event: 371.001 Thread 0x000001f76ac38400 redefined class name=kit.pse.hgv.view.hyperbolicModel.CalculationTest, count=3

Internal exceptions (20 events):
Event: 0.369 Thread 0x000001f73638e7c0 Exception <a 'sun/nio/fs/WindowsException'{0x00000005dfc9d3a0}> (0x00000005dfc9d3a0) 
thrown [t:\workspace\open\src\hotspot\share\prims\jni.cpp, line 579]
Event: 0.371 Thread 0x000001f73638e7c0 Exception <a 'sun/nio/fs/WindowsException'{0x00000005dfca6460}> (0x00000005dfca6460) 
thrown [t:\workspace\open\src\hotspot\share\prims\jni.cpp, line 579]
Event: 0.373 Thread 0x000001f73638e7c0 Exception <a 'sun/nio/fs/WindowsException'{0x00000005dfcbcf48}> (0x00000005dfcbcf48) 
thrown [t:\workspace\open\src\hotspot\share\prims\jni.cpp, line 579]
Event: 0.374 Thread 0x000001f73638e7c0 Exception <a 'sun/nio/fs/WindowsException'{0x00000005dfcbeb80}> (0x00000005dfcbeb80) 
thrown [t:\workspace\open\src\hotspot\share\prims\jni.cpp, line 579]
Event: 0.390 Thread 0x000001f73638e7c0 Exception <a 'sun/nio/fs/WindowsException'{0x00000005dfdcc8f0}> (0x00000005dfdcc8f0) 
thrown [t:\workspace\open\src\hotspot\share\prims\jni.cpp, line 579]
Event: 0.402 Thread 0x000001f73638e7c0 Exception <a 'java/lang/NoSuchMethodError'{0x00000005dfed74e8}: 'java.lang.Object java.lang.invoke.DirectMethodHandle$Holder.invokeStatic(java.lang.Object)'> (0x00000005dfed74e8) 
thrown [t:\workspace\open\src\hotspot\share\interpreter\linkResolver.cpp, line 790]
Event: 0.402 Thread 0x000001f73638e7c0 Exception <a 'java/lang/NoSuchMethodError'{0x00000005dfedae00}: 'java.lang.Object java.lang.invoke.DirectMethodHandle$Holder.invokeStaticInit(java.lang.Object)'> (0x00000005dfedae00) 
thrown [t:\workspace\open\src\hotspot\share\interpreter\linkResolver.cpp, line 790]
Event: 0.408 Thread 0x000001f73638e7c0 Exception <a 'sun/nio/fs/WindowsException'{0x00000005dff71d60}> (0x00000005dff71d60) 
thrown [t:\workspace\open\src\hotspot\share\prims\jni.cpp, line 579]
Event: 0.408 Thread 0x000001f73638e7c0 Exception <a 'sun/nio/fs/WindowsException'{0x00000005dff74fb0}> (0x00000005dff74fb0) 
thrown [t:\workspace\open\src\hotspot\share\prims\jni.cpp, line 579]
Event: 0.410 Thread 0x000001f73638e7c0 Exception <a 'sun/nio/fs/WindowsException'{0x00000005dffb2198}> (0x00000005dffb2198) 
thrown [t:\workspace\open\src\hotspot\share\prims\jni.cpp, line 579]
Event: 0.411 Thread 0x000001f73638e7c0 Exception <a 'sun/nio/fs/WindowsException'{0x00000005dffb4c28}> (0x00000005dffb4c28) 
thrown [t:\workspace\open\src\hotspot\share\prims\jni.cpp, line 579]
Event: 0.412 Thread 0x000001f76b6adea0 Exception <a 'sun/nio/fs/WindowsException'{0x00000005df800bc0}> (0x00000005df800bc0) 
thrown [t:\workspace\open\src\hotspot\share\prims\jni.cpp, line 579]
Event: 0.567 Thread 0x000001f76ba52c60 Exception <a 'java/lang/NoSuchMethodError'{0x00000005e023ff70}: 'void java.lang.invoke.DirectMethodHandle$Holder.invokeSpecial(java.lang.Object, java.lang.Object, java.lang.Object)'> (0x00000005e023ff70) 
thrown [t:\workspace\open\src\hotspot\share\interpreter\linkResolver.cpp, line 790]
Event: 0.573 Thread 0x000001f76ba52c60 Exception <a 'java/lang/NoSuchMethodError'{0x00000005e028f5d8}: 'void java.lang.invoke.DirectMethodHandle$Holder.invokeStatic(java.lang.Object, java.lang.Object, java.lang.Object)'> (0x00000005e028f5d8) 
thrown [t:\workspace\open\src\hotspot\share\interpreter\linkResolver.cpp, line 790]
Event: 0.610 Thread 0x000001f76ba52c60 Exception <a 'java/lang/NoSuchMethodError'{0x00000005e02b1d30}: 'int java.lang.invoke.DirectMethodHandle$Holder.invokeStaticInit(java.lang.Object, java.lang.Object, java.lang.Object)'> (0x00000005e02b1d30) 
thrown [t:\workspace\open\src\hotspot\share\interpreter\linkResolver.cpp, line 790]
Event: 0.617 Thread 0x000001f76ba52c60 Exception <a 'java/lang/NoSuchMethodError'{0x00000005dfc4d960}: 'java.lang.Object java.lang.invoke.DirectMethodHandle$Holder.invokeStaticInit(java.lang.Object, java.lang.Object, java.lang.Object, java.lang.Object)'> (0x00000005dfc4d960) 
thrown [t:\workspace\open\src\hotspot\share\interpreter\linkResolver.cpp, line 790]
Event: 7.804 Thread 0x000001f76b6f9560 Implicit null exception at 0x000001f74cce87be to 0x000001f74cce8914
Event: 7.804 Thread 0x000001f76b6f8020 Implicit null exception at 0x000001f74ccea205 to 0x000001f74ccea97c
Event: 7.804 Thread 0x000001f76b6fca80 Implicit null exception at 0x000001f74ccea205 to 0x000001f74ccea97c
Event: 7.804 Thread 0x000001f76b6f9ab0 Implicit null exception at 0x000001f74ccea205 to 0x000001f74ccea97c

Events (20 events):
Event: 370.997 Executing  VM operation: ChangeBreakpoints done
Event: 370.997 Executing  VM operation: ChangeBreakpoints
Event: 370.997 Executing  VM operation: ChangeBreakpoints done
Event: 370.997 Executing  VM operation: ChangeBreakpoints
Event: 370.997 Executing  VM operation: ChangeBreakpoints done
Event: 370.997 Executing  VM operation: ChangeBreakpoints
Event: 370.997 Executing  VM operation: ChangeBreakpoints done
Event: 370.999 Executing  VM operation: RedefineClasses
Event: 371.005 Executing  VM operation: RedefineClasses done
Event: 371.031 Executing  VM operation: ChangeBreakpoints
Event: 371.031 Executing  VM operation: ChangeBreakpoints done
Event: 371.034 Executing  VM operation: ChangeBreakpoints
Event: 371.034 Executing  VM operation: ChangeBreakpoints done
Event: 371.053 Executing  VM operation: ChangeBreakpoints
Event: 371.054 Executing  VM operation: ChangeBreakpoints done
Event: 371.054 Executing  VM operation: ChangeBreakpoints
Event: 371.055 Executing  VM operation: ChangeBreakpoints done
Event: 371.055 Executing  VM operation: ChangeBreakpoints
Event: 371.056 Executing  VM operation: ChangeBreakpoints done
Event: 371.167 Executing  VM operation: get/set locals


Dynamic libraries:
0x00007ff6ba750000 - 0x00007ff6ba75e000 	C:\Program Files\Java\jdk-16.0.2\bin\java.exe
0x00007ff8af9b0000 - 0x00007ff8afba5000 	C:\Windows\SYSTEM32\ntdll.dll
0x00007ff8aef70000 - 0x00007ff8af02d000 	C:\Windows\System32\KERNEL32.DLL
0x00007ff8ad6b0000 - 0x00007ff8ad978000 	C:\Windows\System32\KERNELBASE.dll
0x00007ff8ad2a0000 - 0x00007ff8ad3a0000 	C:\Windows\System32\ucrtbase.dll
0x00007ff891390000 - 0x00007ff8913a9000 	C:\Program Files\Java\jdk-16.0.2\bin\VCRUNTIME140.dll
0x00007ff8a72f0000 - 0x00007ff8a7308000 	C:\Program Files\Java\jdk-16.0.2\bin\jli.dll
0x00007ff8ade00000 - 0x00007ff8adfa0000 	C:\Windows\System32\USER32.dll
0x00007ff89f6b0000 - 0x00007ff89f94a000 	C:\Windows\WinSxS\amd64_microsoft.windows.common-controls_6595b64144ccf1df_6.0.19041.844_none_ca00b6081b84eb1d\COMCTL32.dll
0x00007ff8ad680000 - 0x00007ff8ad6a2000 	C:\Windows\System32\win32u.dll
0x00007ff8ae4a0000 - 0x00007ff8ae53e000 	C:\Windows\System32\msvcrt.dll
0x00007ff8ae8a0000 - 0x00007ff8ae8ca000 	C:\Windows\System32\GDI32.dll
0x00007ff8ad570000 - 0x00007ff8ad67b000 	C:\Windows\System32\gdi32full.dll
0x00007ff8ad3a0000 - 0x00007ff8ad43d000 	C:\Windows\System32\msvcp_win.dll
0x00007ff8ae120000 - 0x00007ff8ae150000 	C:\Windows\System32\IMM32.DLL
0x00007ff8a8fe0000 - 0x00007ff8a8fec000 	C:\Program Files\Java\jdk-16.0.2\bin\vcruntime140_1.dll
0x00007ff878e40000 - 0x00007ff878ed1000 	C:\Program Files\Java\jdk-16.0.2\bin\msvcp140.dll
0x00007ff8585a0000 - 0x00007ff85914b000 	C:\Program Files\Java\jdk-16.0.2\bin\server\jvm.dll
0x00007ff8adc20000 - 0x00007ff8adccc000 	C:\Windows\System32\ADVAPI32.dll
0x00007ff8ae8d0000 - 0x00007ff8ae96b000 	C:\Windows\System32\sechost.dll
0x00007ff8ae9d0000 - 0x00007ff8aeafb000 	C:\Windows\System32\RPCRT4.dll
0x00007ff8ada10000 - 0x00007ff8ada18000 	C:\Windows\System32\PSAPI.DLL
0x00007ff8a8ec0000 - 0x00007ff8a8ec9000 	C:\Windows\SYSTEM32\WSOCK32.dll
0x00007ff8a1470000 - 0x00007ff8a1497000 	C:\Windows\SYSTEM32\WINMM.dll
0x00007ff8adb50000 - 0x00007ff8adbbb000 	C:\Windows\System32\WS2_32.dll
0x00007ff8a7ef0000 - 0x00007ff8a7efa000 	C:\Windows\SYSTEM32\VERSION.dll
0x00007ff8ab050000 - 0x00007ff8ab062000 	C:\Windows\SYSTEM32\kernel.appcore.dll
0x00007ff8a72e0000 - 0x00007ff8a72ea000 	C:\Program Files\Java\jdk-16.0.2\bin\jimage.dll
0x00007ff898480000 - 0x00007ff898664000 	C:\Windows\SYSTEM32\DBGHELP.DLL
0x00007ff898450000 - 0x00007ff89847c000 	C:\Windows\SYSTEM32\dbgcore.DLL
0x00007ff8ad4f0000 - 0x00007ff8ad570000 	C:\Windows\System32\bcryptPrimitives.dll
0x00007ff881e40000 - 0x00007ff881e7b000 	C:\Program Files\Java\jdk-16.0.2\bin\jdwp.dll
0x00007ff892460000 - 0x00007ff89246e000 	C:\Program Files\Java\jdk-16.0.2\bin\instrument.dll
0x00007ff88c310000 - 0x00007ff88c335000 	C:\Program Files\Java\jdk-16.0.2\bin\java.dll
0x00007ff8af220000 - 0x00007ff8af962000 	C:\Windows\System32\SHELL32.dll
0x00007ff8ab250000 - 0x00007ff8ab9e1000 	C:\Windows\SYSTEM32\windows.storage.dll
0x00007ff8ae540000 - 0x00007ff8ae895000 	C:\Windows\System32\combase.dll
0x00007ff8acb60000 - 0x00007ff8acb8c000 	C:\Windows\SYSTEM32\Wldp.dll
0x00007ff8adfa0000 - 0x00007ff8ae04e000 	C:\Windows\System32\SHCORE.dll
0x00007ff8add80000 - 0x00007ff8addd5000 	C:\Windows\System32\shlwapi.dll
0x00007ff8ad030000 - 0x00007ff8ad04f000 	C:\Windows\SYSTEM32\profapi.dll
0x00007ff890a00000 - 0x00007ff890a19000 	C:\Program Files\java\jdk-16.0.2\bin\net.dll
0x00007ff8a2700000 - 0x00007ff8a280b000 	C:\Windows\SYSTEM32\WINHTTP.dll
0x00007ff8ac860000 - 0x00007ff8ac8ca000 	C:\Windows\system32\mswsock.dll
0x00007ff88f300000 - 0x00007ff88f313000 	C:\Program Files\java\jdk-16.0.2\bin\nio.dll
0x00007ff88f2c0000 - 0x00007ff88f2d8000 	C:\Program Files\java\jdk-16.0.2\bin\zip.dll
0x00007ff890660000 - 0x00007ff89066c000 	C:\Program Files\Java\jdk-16.0.2\bin\dt_socket.dll
0x00007ff8ac550000 - 0x00007ff8ac58b000 	C:\Windows\SYSTEM32\IPHLPAPI.DLL
0x00007ff8921e0000 - 0x00007ff8921f0000 	C:\Program Files\Java\jdk-16.0.2\bin\verify.dll
0x000001f736330000 - 0x000001f736333000 	C:\Users\cedric\.openjfx\cache\16\api-ms-win-core-console-l1-1-0.dll
0x000001f736340000 - 0x000001f736343000 	C:\Users\cedric\.openjfx\cache\16\api-ms-win-core-console-l1-2-0.dll
0x000001f736350000 - 0x000001f736353000 	C:\Users\cedric\.openjfx\cache\16\api-ms-win-core-datetime-l1-1-0.dll
0x000001f736360000 - 0x000001f736363000 	C:\Users\cedric\.openjfx\cache\16\api-ms-win-core-debug-l1-1-0.dll
0x000001f76a310000 - 0x000001f76a313000 	C:\Users\cedric\.openjfx\cache\16\api-ms-win-core-errorhandling-l1-1-0.dll
0x000001f76a320000 - 0x000001f76a324000 	C:\Users\cedric\.openjfx\cache\16\api-ms-win-core-file-l1-1-0.dll
0x000001f76a330000 - 0x000001f76a333000 	C:\Users\cedric\.openjfx\cache\16\api-ms-win-core-file-l1-2-0.dll
0x000001f76a340000 - 0x000001f76a343000 	C:\Users\cedric\.openjfx\cache\16\api-ms-win-core-file-l2-1-0.dll
0x000001f76a350000 - 0x000001f76a353000 	C:\Users\cedric\.openjfx\cache\16\api-ms-win-core-handle-l1-1-0.dll
0x000001f76a360000 - 0x000001f76a363000 	C:\Users\cedric\.openjfx\cache\16\api-ms-win-core-heap-l1-1-0.dll
0x000001f76a370000 - 0x000001f76a373000 	C:\Users\cedric\.openjfx\cache\16\api-ms-win-core-interlocked-l1-1-0.dll
0x000001f76a380000 - 0x000001f76a383000 	C:\Users\cedric\.openjfx\cache\16\api-ms-win-core-libraryloader-l1-1-0.dll
0x000001f76a390000 - 0x000001f76a393000 	C:\Users\cedric\.openjfx\cache\16\api-ms-win-core-localization-l1-2-0.dll
0x000001f76a3a0000 - 0x000001f76a3a3000 	C:\Users\cedric\.openjfx\cache\16\api-ms-win-core-memory-l1-1-0.dll
0x000001f76a3b0000 - 0x000001f76a3b3000 	C:\Users\cedric\.openjfx\cache\16\api-ms-win-core-namedpipe-l1-1-0.dll
0x000001f76a3c0000 - 0x000001f76a3c3000 	C:\Users\cedric\.openjfx\cache\16\api-ms-win-core-processenvironment-l1-1-0.dll
0x000001f76a3d0000 - 0x000001f76a3d3000 	C:\Users\cedric\.openjfx\cache\16\api-ms-win-core-processthreads-l1-1-0.dll
0x000001f76a3e0000 - 0x000001f76a3e3000 	C:\Users\cedric\.openjfx\cache\16\api-ms-win-core-processthreads-l1-1-1.dll
0x000001f76a3f0000 - 0x000001f76a3f3000 	C:\Users\cedric\.openjfx\cache\16\api-ms-win-core-profile-l1-1-0.dll
0x000001f76ca70000 - 0x000001f76ca73000 	C:\Users\cedric\.openjfx\cache\16\api-ms-win-core-rtlsupport-l1-1-0.dll
0x000001f76ca80000 - 0x000001f76ca83000 	C:\Users\cedric\.openjfx\cache\16\api-ms-win-core-string-l1-1-0.dll
0x000001f76ca90000 - 0x000001f76ca93000 	C:\Users\cedric\.openjfx\cache\16\api-ms-win-core-synch-l1-1-0.dll
0x000001f76caa0000 - 0x000001f76caa3000 	C:\Users\cedric\.openjfx\cache\16\api-ms-win-core-synch-l1-2-0.dll
0x000001f76cab0000 - 0x000001f76cab3000 	C:\Users\cedric\.openjfx\cache\16\api-ms-win-core-sysinfo-l1-1-0.dll
0x000001f76cac0000 - 0x000001f76cac3000 	C:\Users\cedric\.openjfx\cache\16\api-ms-win-core-timezone-l1-1-0.dll
0x000001f76cad0000 - 0x000001f76cad3000 	C:\Users\cedric\.openjfx\cache\16\api-ms-win-core-util-l1-1-0.dll
0x000001f76cae0000 - 0x000001f76cae3000 	C:\Users\cedric\.openjfx\cache\16\api-ms-win-crt-conio-l1-1-0.dll
0x000001f76caf0000 - 0x000001f76caf4000 	C:\Users\cedric\.openjfx\cache\16\api-ms-win-crt-convert-l1-1-0.dll
0x000001f76cb00000 - 0x000001f76cb03000 	C:\Users\cedric\.openjfx\cache\16\api-ms-win-crt-environment-l1-1-0.dll
0x000001f76cb10000 - 0x000001f76cb13000 	C:\Users\cedric\.openjfx\cache\16\api-ms-win-crt-filesystem-l1-1-0.dll
0x000001f76cb20000 - 0x000001f76cb23000 	C:\Users\cedric\.openjfx\cache\16\api-ms-win-crt-heap-l1-1-0.dll
0x000001f76cb30000 - 0x000001f76cb33000 	C:\Users\cedric\.openjfx\cache\16\api-ms-win-crt-locale-l1-1-0.dll
0x000001f76cb40000 - 0x000001f76cb45000 	C:\Users\cedric\.openjfx\cache\16\api-ms-win-crt-math-l1-1-0.dll
0x000001f76cb50000 - 0x000001f76cb55000 	C:\Users\cedric\.openjfx\cache\16\api-ms-win-crt-multibyte-l1-1-0.dll
0x000001f76cb60000 - 0x000001f76cb70000 	C:\Users\cedric\.openjfx\cache\16\api-ms-win-crt-private-l1-1-0.dll
0x000001f76cb70000 - 0x000001f76cb73000 	C:\Users\cedric\.openjfx\cache\16\api-ms-win-crt-process-l1-1-0.dll
0x000001f76cb80000 - 0x000001f76cb84000 	C:\Users\cedric\.openjfx\cache\16\api-ms-win-crt-runtime-l1-1-0.dll
0x000001f76cb90000 - 0x000001f76cb94000 	C:\Users\cedric\.openjfx\cache\16\api-ms-win-crt-stdio-l1-1-0.dll
0x000001f76cba0000 - 0x000001f76cba4000 	C:\Users\cedric\.openjfx\cache\16\api-ms-win-crt-string-l1-1-0.dll
0x000001f76cbb0000 - 0x000001f76cbb3000 	C:\Users\cedric\.openjfx\cache\16\api-ms-win-crt-time-l1-1-0.dll
0x000001f76cbc0000 - 0x000001f76cbc3000 	C:\Users\cedric\.openjfx\cache\16\api-ms-win-crt-utility-l1-1-0.dll
0x00007ff878d40000 - 0x00007ff878e3c000 	C:\Users\cedric\.openjfx\cache\16\ucrtbase.dll
0x00007ff88c260000 - 0x00007ff88c279000 	C:\Users\cedric\.openjfx\cache\16\vcruntime140.dll
0x00007ff88c250000 - 0x00007ff88c25c000 	C:\Users\cedric\.openjfx\cache\16\vcruntime140_1.dll
0x00007ff8784f0000 - 0x00007ff878581000 	C:\Users\cedric\.openjfx\cache\16\msvcp140.dll
0x00007ff880960000 - 0x00007ff880987000 	C:\Users\cedric\.openjfx\cache\16\prism_d3d.dll
0x00007ff8a2c80000 - 0x00007ff8a2e4e000 	C:\Windows\system32\d3d9.dll
0x00007ff8aac90000 - 0x00007ff8aacbf000 	C:\Windows\SYSTEM32\dwmapi.dll
0x00007ff8aaab0000 - 0x00007ff8aab4e000 	C:\Windows\system32\uxtheme.dll
0x00007ff8a4360000 - 0x00007ff8a4462000 	C:\Windows\System32\DriverStore\FileRepository\nv_dispi.inf_amd64_1c83a5d7cffd7bff\nvldumdx.dll
0x00007ff8acce0000 - 0x00007ff8accf2000 	C:\Windows\SYSTEM32\msasn1.dll
0x00007ff8a6a20000 - 0x00007ff8a6a51000 	C:\Windows\SYSTEM32\cryptnet.dll
0x00007ff8ad140000 - 0x00007ff8ad29f000 	C:\Windows\System32\CRYPT32.dll
0x00007ff8aca50000 - 0x00007ff8aca5c000 	C:\Windows\SYSTEM32\cryptbase.dll
0x00007ff8ad980000 - 0x00007ff8ad9e0000 	C:\Windows\System32\WINTRUST.DLL
0x00007ff8adde0000 - 0x00007ff8addfd000 	C:\Windows\System32\imagehlp.dll
0x00007ff8aca30000 - 0x00007ff8aca48000 	C:\Windows\SYSTEM32\CRYPTSP.dll
0x00007ff8ac200000 - 0x00007ff8ac234000 	C:\Windows\system32\rsaenh.dll
0x00007ff8ad9e0000 - 0x00007ff8ada07000 	C:\Windows\System32\bcrypt.dll
0x00007ff8295d0000 - 0x00007ff82afeb000 	C:\Windows\System32\DriverStore\FileRepository\nv_dispi.inf_amd64_1c83a5d7cffd7bff\nvd3dumx.dll

dbghelp: loaded successfully - version: 4.0.5 - missing functions: none
symbol engine: initialized successfully - sym options: 0x614 - pdb path: .;C:\Program Files\Java\jdk-16.0.2\bin;C:\Windows\SYSTEM32;C:\Windows\WinSxS\amd64_microsoft.windows.common-controls_6595b64144ccf1df_6.0.19041.844_none_ca00b6081b84eb1d;C:\Program Files\Java\jdk-16.0.2\bin\server;C:\Users\cedric\.openjfx\cache\16;C:\Windows\System32\DriverStore\FileRepository\nv_dispi.inf_amd64_1c83a5d7cffd7bff

VM Arguments:
jvm_args: -agentlib:jdwp=transport=dt_socket,address=127.0.0.1:61354,suspend=y,server=n -ea -Didea.test.cyclic.buffer.size=1048576 -javaagent:C:\Users\cedric\AppData\Local\JetBrains\IntelliJIdea2021.2\captureAgent\debugger-agent.jar --patch-module=kit.pse.hgv=C:/Users/cedric/Uni/PSE/hgv/hgv/target/test-classes --add-reads=kit.pse.hgv=ALL-UNNAMED --add-opens=kit.pse.hgv/kit.pse.hgv.view.hyperbolicModel=ALL-UNNAMED --add-modules=kit.pse.hgv -Dfile.encoding=UTF-8 --module-path=C:\Users\cedric\.m2\repository\org\apache\commons\commons-math3\3.6.1\commons-math3-3.6.1.jar;C:\Users\cedric\.m2\repository\org\openjfx\javafx-controls\16\javafx-controls-16-win.jar;C:\Users\cedric\.m2\repository\org\apache\commons\commons-collections4\4.4\commons-collections4-4.4.jar;C:\Users\cedric\.m2\repository\org\openjfx\javafx-base\16\javafx-base-16-win.jar;C:\Users\cedric\.m2\repository\org\openjfx\javafx-graphics\16\javafx-graphics-16-win.jar;C:\Users\cedric\.m2\repository\org\openjfx\javafx-fxml\16\javafx-fxml-16-win.jar;C:\Users\cedric\Uni\PSE\hgv\hgv\target\classes;C:\Users\cedric\.m2\repository\org\json\json\20210307\json-20210307.jar 
java_command: com.intellij.rt.junit.JUnitStarter -ideVersion5 -junit4 kit.pse.hgv.view.hyperbolicModel.CalculationTest,changesRightElements
java_class_path (initial): C:\Program Files\JetBrains\IntelliJ IDEA 2021.2.1\lib\idea_rt.jar;C:\Program Files\JetBrains\IntelliJ IDEA 2021.2.1\plugins\junit\lib\junit5-rt.jar;C:\Program Files\JetBrains\IntelliJ IDEA 2021.2.1\plugins\junit\lib\junit-rt.jar;C:\Users\cedric\Uni\PSE\hgv\hgv\target\test-classes;C:\Users\cedric\.m2\repository\org\openjfx\javafx-controls\16\javafx-controls-16.jar;C:\Users\cedric\.m2\repository\org\openjfx\javafx-graphics\16\javafx-graphics-16.jar;C:\Users\cedric\.m2\repository\org\openjfx\javafx-base\16\javafx-base-16.jar;C:\Users\cedric\.m2\repository\org\openjfx\javafx-fxml\16\javafx-fxml-16.jar;C:\Users\cedric\.m2\repository\junit\junit\4.13.2\junit-4.13.2.jar;C:\Users\cedric\.m2\repository\org\hamcrest\hamcrest-core\1.3\hamcrest-core-1.3.jar;C:\Users\cedric\.m2\repository\commons-collections\commons-collections\20040616\commons-collections-20040616.jar
Launcher Type: SUN_STANDARD

[Global flags]
     intx CICompilerCount                          = 4                                         {product} {ergonomic}
     uint ConcGCThreads                            = 3                                         {product} {ergonomic}
     uint G1ConcRefinementThreads                  = 10                                        {product} {ergonomic}
   size_t G1HeapRegionSize                         = 4194304                                   {product} {ergonomic}
    uintx GCDrainStackTargetSize                   = 64                                        {product} {ergonomic}
   size_t InitialHeapSize                          = 536870912                                 {product} {ergonomic}
   size_t MarkStackSize                            = 4194304                                   {product} {ergonomic}
   size_t MaxHeapSize                              = 8573157376                                {product} {ergonomic}
   size_t MaxNewSize                               = 5142216704                                {product} {ergonomic}
   size_t MinHeapDeltaBytes                        = 4194304                                   {product} {ergonomic}
   size_t MinHeapSize                              = 8388608                                   {product} {ergonomic}
    uintx NonNMethodCodeHeapSize                   = 5839372                                {pd product} {ergonomic}
    uintx NonProfiledCodeHeapSize                  = 122909434                              {pd product} {ergonomic}
    uintx ProfiledCodeHeapSize                     = 122909434                              {pd product} {ergonomic}
    uintx ReservedCodeCacheSize                    = 251658240                              {pd product} {ergonomic}
     bool SegmentedCodeCache                       = true                                      {product} {ergonomic}
   size_t SoftMaxHeapSize                          = 8573157376                             {manageable} {ergonomic}
     bool UseCompressedClassPointers               = true                           {product lp64_product} {ergonomic}
     bool UseCompressedOops                        = true                           {product lp64_product} {ergonomic}
     bool UseG1GC                                  = true                                      {product} {ergonomic}
     bool UseLargePagesIndividualAllocation        = false                                  {pd product} {ergonomic}

Logging:
Log output configuration:
 #0: stdout all=warning uptime,level,tags
 #1: stderr all=off uptime,level,tags

Environment Variables:
JAVA_HOME=C:\Program Files\java\jdk-16.0.2
PATH=C:\Windows\system32;C:\Windows;C:\Windows\System32\Wbem;C:\Windows\System32\WindowsPowerShell\v1.0\;C:\Windows\System32\OpenSSH\;C:\Users\cedric\AppData\Local\Microsoft\WindowsApps;C:\Program Files\JetBrains\IntelliJ IDEA 2021.2.1\bin;;C:\Program Files\java\jdk-16.0.2\bin;C:\Program Files\java\apache-maven-3.8.2\bin;;C:\Program Files\JetBrains\PyCharm 2021.2.1\bin;
USERNAME=cedric
OS=Windows_NT
PROCESSOR_IDENTIFIER=AMD64 Family 23 Model 113 Stepping 0, AuthenticAMD



---------------  S Y S T E M  ---------------

OS:
 Windows 10 , 64 bit Build 19041 (10.0.19041.928)
OS uptime: 7 days 8:26 hours

CPU: total 12 (initial active 12) (12 cores per cpu, 2 threads per core) family 23 model 113 stepping 0 microcode 0x0, cx8, cmov, fxsr, ht, mmx, 3dnowpref, sse, sse2, sse3, ssse3, sse4a, sse4.1, sse4.2, popcnt, lzcnt, tsc, tscinvbit, avx, avx2, aes, clmul, bmi1, bmi2, adx, sha, fma, vzeroupper, clflush, clflushopt

Memory: 4k page, system-wide physical 32691M (18575M free)
TotalPageFile size 37811M (AvailPageFile size 12976M)
current process WorkingSet (physical memory assigned to process): 86M, peak: 95M
current process commit charge ("private bytes"): 634M, peak: 642M

vm_info: OpenJDK 64-Bit Server VM (16.0.2+7-67) for windows-amd64 JRE (16.0.2+7-67), built on Jun  8 2021 23:21:43 by "mach5one" with MS VC++ 16.7 (VS2019)

END.
